[0m[[0m[0mdebug[0m] [0m[0m> Exec(run, None, None)[0m
[0m[[0m[0mdebug[0m] [0m[0mEvaluating tasks: Compile / run[0m
[0m[[0m[0mdebug[0m] [0m[0mRunning task... Cancel: Signal, check cycles: false, forcegc: true[0m
[0m[[0m[0mdebug[0m] [0m[0mRunning task... Cancel: Signal, check cycles: false, forcegc: true[0m
[0m[[0m[0minfo[0m] [0m[0mcompiling 2 Scala sources to /home/svinayakamnigam/ScalaPlayassignment/target/scala-2.13/classes ...[0m
[0m[[0m[33mwarn[0m] [0m[0m/home/svinayakamnigam/ScalaPlayassignment/app/modules/actor/ChildActor.scala:36:32: class ActorMaterializer in package stream is deprecated (since 2.6.0): The Materializer now has all methods the ActorMaterializer used to have[0m
[0m[[0m[33mwarn[0m] [0m[0m    implicit val materializer: ActorMaterializer = ActorMaterializer()[0m
[0m[[0m[33mwarn[0m] [0m[0m                               ^[0m
[0m[[0m[33mwarn[0m] [0m[0m/home/svinayakamnigam/ScalaPlayassignment/app/modules/actor/ChildActor.scala:36:52: method apply in object ActorMaterializer is deprecated (since 2.6.0): Use the system wide materializer with stream attributes or configuration settings to change defaults[0m
[0m[[0m[33mwarn[0m] [0m[0m    implicit val materializer: ActorMaterializer = ActorMaterializer()[0m
[0m[[0m[33mwarn[0m] [0m[0m                                                   ^[0m
[0m[[0m[33mwarn[0m] [0m[0mtwo warnings found[0m
[0m[[0m[0minfo[0m] [0m[0mdone compiling[0m
[0m[[0m[0mdebug[0m] [0m[0mRunning task... Cancel: Signal, check cycles: false, forcegc: true[0m
[0m[[0m[0mdebug[0m] [0m[0mExporting web-assets:root[0m
[0m[[0m[0mdebug[0m] [0m[0mRunning task... Cancel: Signal, check cycles: false, forcegc: true[0m
[0m[[0m[33mwarn[0m] [0m[0mCanceling execution...[0m
[0m[[0m[31merror[0m] [0m[0mCancelled: run[0m
[0m[[0m[31merror[0m] [0m[0mCancelled: run[0m
[0m[[0m[31merror[0m] [0m[0mUse 'last' for the full log.[0m
[0m[[0m[0mdebug[0m] [0m[0m> Exec(idea-shell, None, None)[0m
