[0m[[0m[0mdebug[0m] [0m[0m> Exec(run, None, None)[0m
[0m[[0m[0mdebug[0m] [0m[0mEvaluating tasks: Compile / run[0m
[0m[[0m[0mdebug[0m] [0m[0mRunning task... Cancel: Signal, check cycles: false, forcegc: true[0m
[0m[[0m[0mdebug[0m] [0m[0mRunning task... Cancel: Signal, check cycles: false, forcegc: true[0m
[0m[[0m[0minfo[0m] [0m[0mcompiling 2 Scala sources to /home/svinayakamnigam/ScalaPlayassignment/target/scala-2.13/classes ...[0m
[0m[[0m[31merror[0m] [0m[0m/home/svinayakamnigam/ScalaPlayassignment/app/modules/actor/ReaderActor.scala:30:96: not found: value venues[0m
[0m[[0m[31merror[0m] [0m[0m    val workerRouter: ActorRef = context.actorOf(RoundRobinPool(10).props(Props(new ChildActor(venues,teams,matchDataDao,teamsDao, venueDao))), "workerRouter")[0m
[0m[[0m[31merror[0m] [0m[0m                                                                                               ^[0m
[0m[[0m[31merror[0m] [0m[0m/home/svinayakamnigam/ScalaPlayassignment/app/modules/actor/ReaderActor.scala:30:103: not found: value teams[0m
[0m[[0m[31merror[0m] [0m[0m    val workerRouter: ActorRef = context.actorOf(RoundRobinPool(10).props(Props(new ChildActor(venues,teams,matchDataDao,teamsDao, venueDao))), "workerRouter")[0m
[0m[[0m[31merror[0m] [0m[0m                                                                                                      ^[0m
[0m[[0m[31merror[0m] [0m[0mtwo errors found[0m
[0m[[0m[31merror[0m] [0m[0m(Compile / [31mcompileIncremental[0m) Compilation failed[0m
[0m[[0m[0mdebug[0m] [0m[0mRunning task... Cancel: Signal, check cycles: false, forcegc: true[0m
[0m[[0m[0mdebug[0m] [0m[0mRunning task... Cancel: Signal, check cycles: false, forcegc: true[0m
[0m[[0m[33mwarn[0m] [0m[0mCanceling execution...[0m
[0m[[0m[31merror[0m] [0m[0mCancelled: run[0m
[0m[[0m[31merror[0m] [0m[0mCancelled: run[0m
[0m[[0m[31merror[0m] [0m[0mUse 'last' for the full log.[0m
[0m[[0m[0mdebug[0m] [0m[0m> Exec(idea-shell, None, None)[0m
